{"level":"ERROR","time":"2021-12-07T15:24:34.335+0800","caller":"controllers/user.go:21","msg":"Signup with invalid param","error":"Key: 'ParamSignUp.re_password' Error:Field validation for 're_password' failed on the 'eqfield' tag"}
{"level":"INFO","time":"2021-12-07T15:24:34.336+0800","caller":"logger/logger.go:81","msg":"/signup","status":200,"method":"POST","path":"/signup","query":"","ip":"::1","user-agent":"Mozilla/5.0 (Macintosh; Intel Mac OS X 10_15_7) AppleWebKit/537.36 (KHTML, like Gecko) Chrome/96.0.4664.55 Safari/537.36","errors":"","cost":0.003160209}
{"level":"INFO","time":"2021-12-07T17:00:43.510+0800","caller":"gin-bluebell/main.go:95","msg":"Shutdown Server ..."}
{"level":"INFO","time":"2021-12-07T17:00:43.515+0800","caller":"gin-bluebell/main.go:103","msg":"Server exiting"}
{"level":"ERROR","time":"2021-12-07T17:01:20.803+0800","caller":"controllers/user.go:56","msg":"Login with invalid param","error":"Key: 'ParamLogin.password' Error:Field validation for 'password' failed on the 'required' tag"}
{"level":"INFO","time":"2021-12-07T17:01:20.804+0800","caller":"logger/logger.go:81","msg":"/login","status":200,"method":"POST","path":"/login","query":"","ip":"::1","user-agent":"Mozilla/5.0 (Macintosh; Intel Mac OS X 10_15_7) AppleWebKit/537.36 (KHTML, like Gecko) Chrome/96.0.4664.55 Safari/537.36","errors":"","cost":0.002647584}
{"level":"ERROR","time":"2021-12-07T17:01:30.954+0800","caller":"controllers/user.go:72","msg":"logic.Login failed,","error":"用户不存在"}
{"level":"INFO","time":"2021-12-07T17:01:30.961+0800","caller":"logger/logger.go:81","msg":"/login","status":200,"method":"POST","path":"/login","query":"","ip":"::1","user-agent":"Mozilla/5.0 (Macintosh; Intel Mac OS X 10_15_7) AppleWebKit/537.36 (KHTML, like Gecko) Chrome/96.0.4664.55 Safari/537.36","errors":"","cost":0.027719834}
{"level":"INFO","time":"2021-12-07T17:02:26.868+0800","caller":"logger/logger.go:81","msg":"/login","status":200,"method":"POST","path":"/login","query":"","ip":"::1","user-agent":"Mozilla/5.0 (Macintosh; Intel Mac OS X 10_15_7) AppleWebKit/537.36 (KHTML, like Gecko) Chrome/96.0.4664.55 Safari/537.36","errors":"","cost":0.004472666}
{"level":"INFO","time":"2021-12-08T10:36:53.572+0800","caller":"gin-bluebell/main.go:95","msg":"Shutdown Server ..."}
{"level":"INFO","time":"2021-12-08T10:36:53.575+0800","caller":"gin-bluebell/main.go:103","msg":"Server exiting"}
{"level":"INFO","time":"2021-12-09T20:02:22.844+0800","caller":"gin-bluebell/main.go:95","msg":"Shutdown Server ..."}
{"level":"INFO","time":"2021-12-09T20:02:22.848+0800","caller":"gin-bluebell/main.go:103","msg":"Server exiting"}
{"level":"INFO","time":"2021-12-09T20:03:28.632+0800","caller":"logger/logger.go:81","msg":"/api/login","status":404,"method":"POST","path":"/api/login","query":"","ip":"::1","user-agent":"Mozilla/5.0 (Macintosh; Intel Mac OS X 10_15_7) AppleWebKit/537.36 (KHTML, like Gecko) Chrome/96.0.4664.55 Safari/537.36","errors":"","cost":0.00000125}
{"level":"ERROR","time":"2021-12-09T20:03:33.402+0800","caller":"controllers/user.go:62","msg":"Login with invalid param","error":"EOF"}
{"level":"INFO","time":"2021-12-09T20:03:33.402+0800","caller":"logger/logger.go:81","msg":"/login","status":200,"method":"POST","path":"/login","query":"","ip":"::1","user-agent":"Mozilla/5.0 (Macintosh; Intel Mac OS X 10_15_7) AppleWebKit/537.36 (KHTML, like Gecko) Chrome/96.0.4664.55 Safari/537.36","errors":"","cost":0.001570333}
{"level":"ERROR","time":"2021-12-09T20:03:47.959+0800","caller":"controllers/user.go:62","msg":"Login with invalid param","error":"Key: 'ParamLogin.password' Error:Field validation for 'password' failed on the 'required' tag"}
{"level":"INFO","time":"2021-12-09T20:03:47.960+0800","caller":"logger/logger.go:81","msg":"/login","status":200,"method":"POST","path":"/login","query":"","ip":"::1","user-agent":"Mozilla/5.0 (Macintosh; Intel Mac OS X 10_15_7) AppleWebKit/537.36 (KHTML, like Gecko) Chrome/96.0.4664.55 Safari/537.36","errors":"","cost":0.001419875}
{"level":"ERROR","time":"2021-12-09T20:03:57.583+0800","caller":"controllers/user.go:79","msg":"logic.Login failed,","error":"用户不存在"}
{"level":"INFO","time":"2021-12-09T20:03:57.601+0800","caller":"logger/logger.go:81","msg":"/login","status":200,"method":"POST","path":"/login","query":"","ip":"::1","user-agent":"Mozilla/5.0 (Macintosh; Intel Mac OS X 10_15_7) AppleWebKit/537.36 (KHTML, like Gecko) Chrome/96.0.4664.55 Safari/537.36","errors":"","cost":0.027913458}
{"level":"INFO","time":"2021-12-09T20:04:26.844+0800","caller":"logger/logger.go:81","msg":"/login","status":200,"method":"POST","path":"/login","query":"","ip":"::1","user-agent":"Mozilla/5.0 (Macintosh; Intel Mac OS X 10_15_7) AppleWebKit/537.36 (KHTML, like Gecko) Chrome/96.0.4664.55 Safari/537.36","errors":"","cost":0.006908833}
{"level":"INFO","time":"2021-12-09T20:27:44.776+0800","caller":"logger/logger.go:81","msg":"/ping","status":404,"method":"GET","path":"/ping","query":"","ip":"::1","user-agent":"Mozilla/5.0 (Macintosh; Intel Mac OS X 10_15_7) AppleWebKit/537.36 (KHTML, like Gecko) Chrome/96.0.4664.55 Safari/537.36","errors":"","cost":0.000005084}
{"level":"INFO","time":"2021-12-09T20:27:49.083+0800","caller":"gin-bluebell/main.go:95","msg":"Shutdown Server ..."}
{"level":"INFO","time":"2021-12-09T20:27:49.085+0800","caller":"gin-bluebell/main.go:103","msg":"Server exiting"}
{"level":"INFO","time":"2021-12-09T20:27:54.654+0800","caller":"logger/logger.go:81","msg":"/ping","status":200,"method":"GET","path":"/ping","query":"","ip":"::1","user-agent":"Mozilla/5.0 (Macintosh; Intel Mac OS X 10_15_7) AppleWebKit/537.36 (KHTML, like Gecko) Chrome/96.0.4664.55 Safari/537.36","errors":"","cost":0.000105541}
{"level":"INFO","time":"2021-12-09T20:46:30.212+0800","caller":"logger/logger.go:81","msg":"/register","status":404,"method":"POST","path":"/register","query":"","ip":"::1","user-agent":"PostmanRuntime/7.28.4","errors":"","cost":0.000263542}
{"level":"INFO","time":"2021-12-09T20:46:35.211+0800","caller":"gin-bluebell/main.go:95","msg":"Shutdown Server ..."}
{"level":"INFO","time":"2021-12-09T20:46:35.216+0800","caller":"gin-bluebell/main.go:103","msg":"Server exiting"}
{"level":"ERROR","time":"2021-12-09T20:46:50.730+0800","caller":"controllers/user.go:23","msg":"Signup with invalid param","error":"EOF"}
{"level":"INFO","time":"2021-12-09T20:46:50.731+0800","caller":"logger/logger.go:81","msg":"/signup","status":200,"method":"POST","path":"/signup","query":"","ip":"::1","user-agent":"PostmanRuntime/7.28.4","errors":"","cost":0.000477125}
{"level":"ERROR","time":"2021-12-09T20:47:56.702+0800","caller":"controllers/user.go:23","msg":"Signup with invalid param","error":"Key: 'ParamSignUp.re_password' Error:Field validation for 're_password' failed on the 'required' tag"}
{"level":"INFO","time":"2021-12-09T20:47:56.704+0800","caller":"logger/logger.go:81","msg":"/signup","status":200,"method":"POST","path":"/signup","query":"","ip":"::1","user-agent":"PostmanRuntime/7.28.4","errors":"","cost":0.002316333}
{"level":"ERROR","time":"2021-12-09T20:48:02.125+0800","caller":"controllers/user.go:23","msg":"Signup with invalid param","error":"Key: 'ParamSignUp.re_password' Error:Field validation for 're_password' failed on the 'eqfield' tag"}
{"level":"INFO","time":"2021-12-09T20:48:02.126+0800","caller":"logger/logger.go:81","msg":"/signup","status":200,"method":"POST","path":"/signup","query":"","ip":"::1","user-agent":"PostmanRuntime/7.28.4","errors":"","cost":0.000388709}
{"level":"INFO","time":"2021-12-09T20:48:06.847+0800","caller":"logger/logger.go:81","msg":"/signup","status":200,"method":"POST","path":"/signup","query":"","ip":"::1","user-agent":"PostmanRuntime/7.28.4","errors":"","cost":0.018938958}
{"level":"ERROR","time":"2021-12-09T20:48:52.228+0800","caller":"controllers/user.go:62","msg":"Login with invalid param","error":"EOF"}
{"level":"INFO","time":"2021-12-09T20:48:52.228+0800","caller":"logger/logger.go:81","msg":"/login","status":200,"method":"POST","path":"/login","query":"","ip":"::1","user-agent":"PostmanRuntime/7.28.4","errors":"","cost":0.000179208}
{"level":"ERROR","time":"2021-12-09T20:49:12.347+0800","caller":"controllers/user.go:79","msg":"logic.Login failed,","error":"用户名或密码错误"}
{"level":"INFO","time":"2021-12-09T20:49:12.347+0800","caller":"logger/logger.go:81","msg":"/login","status":200,"method":"POST","path":"/login","query":"","ip":"::1","user-agent":"PostmanRuntime/7.28.4","errors":"","cost":0.003735417}
{"level":"INFO","time":"2021-12-09T20:49:16.914+0800","caller":"logger/logger.go:81","msg":"/login","status":200,"method":"POST","path":"/login","query":"","ip":"::1","user-agent":"PostmanRuntime/7.28.4","errors":"","cost":0.004901458}
{"level":"INFO","time":"2021-12-09T20:49:55.507+0800","caller":"logger/logger.go:81","msg":"/ping","status":200,"method":"GET","path":"/ping","query":"","ip":"::1","user-agent":"PostmanRuntime/7.28.4","errors":"","cost":0.00004325}
{"level":"INFO","time":"2021-12-09T20:50:11.480+0800","caller":"logger/logger.go:81","msg":"/ping","status":200,"method":"GET","path":"/ping","query":"","ip":"::1","user-agent":"PostmanRuntime/7.28.4","errors":"","cost":0.00003375}
{"level":"INFO","time":"2021-12-09T20:50:17.056+0800","caller":"logger/logger.go:81","msg":"/ping","status":200,"method":"GET","path":"/ping","query":"","ip":"::1","user-agent":"PostmanRuntime/7.28.4","errors":"","cost":0.000129666}
{"level":"INFO","time":"2021-12-09T21:13:09.045+0800","caller":"gin-bluebell/main.go:95","msg":"Shutdown Server ..."}
{"level":"INFO","time":"2021-12-09T21:13:09.049+0800","caller":"gin-bluebell/main.go:103","msg":"Server exiting"}
{"level":"INFO","time":"2021-12-09T21:50:25.191+0800","caller":"gin-bluebell/main.go:95","msg":"Shutdown Server ..."}
{"level":"INFO","time":"2021-12-09T21:50:25.196+0800","caller":"gin-bluebell/main.go:103","msg":"Server exiting"}
{"level":"INFO","time":"2021-12-09T21:50:32.183+0800","caller":"logger/logger.go:81","msg":"/login","status":200,"method":"POST","path":"/login","query":"","ip":"::1","user-agent":"PostmanRuntime/7.28.4","errors":"","cost":0.009900666}
{"level":"ERROR","time":"2021-12-09T21:51:20.689+0800","caller":"controllers/user.go:42","msg":"logic.Signup failed","error":"用户已存在"}
{"level":"INFO","time":"2021-12-09T21:51:20.689+0800","caller":"logger/logger.go:81","msg":"/signup","status":200,"method":"POST","path":"/signup","query":"","ip":"::1","user-agent":"PostmanRuntime/7.28.4","errors":"","cost":0.004039708}
{"level":"INFO","time":"2021-12-13T21:38:20.726+0800","caller":"gin-bluebell/main.go:95","msg":"Shutdown Server ..."}
{"level":"INFO","time":"2021-12-13T21:38:20.730+0800","caller":"gin-bluebell/main.go:103","msg":"Server exiting"}
{"level":"INFO","time":"2021-12-19T15:06:11.421+0800","caller":"logger/logger.go:81","msg":"/api/v1/community","status":200,"method":"GET","path":"/api/v1/community","query":"","ip":"::1","user-agent":"PostmanRuntime/7.28.4","errors":"","cost":0.0009785}
{"level":"INFO","time":"2021-12-19T15:06:21.930+0800","caller":"logger/logger.go:81","msg":"/login","status":200,"method":"POST","path":"/login","query":"","ip":"::1","user-agent":"PostmanRuntime/7.28.4","errors":"","cost":0.000058375}
{"level":"INFO","time":"2021-12-19T15:06:43.372+0800","caller":"logger/logger.go:81","msg":"/api/v1/login","status":200,"method":"POST","path":"/api/v1/login","query":"","ip":"::1","user-agent":"PostmanRuntime/7.28.4","errors":"","cost":0.025955625}
{"level":"INFO","time":"2021-12-19T15:07:04.166+0800","caller":"logger/logger.go:81","msg":"/api/v1/community","status":200,"method":"GET","path":"/api/v1/community","query":"","ip":"::1","user-agent":"PostmanRuntime/7.28.4","errors":"","cost":0.003986375}
{"level":"INFO","time":"2021-12-19T17:09:01.193+0800","caller":"logger/logger.go:81","msg":"/api/v1/community","status":200,"method":"GET","path":"/api/v1/community","query":"","ip":"::1","user-agent":"PostmanRuntime/7.28.4","errors":"","cost":0.004678}
{"level":"INFO","time":"2021-12-19T17:09:07.950+0800","caller":"logger/logger.go:81","msg":"/api/v1/login","status":200,"method":"POST","path":"/api/v1/login","query":"","ip":"::1","user-agent":"PostmanRuntime/7.28.4","errors":"","cost":0.009888583}
{"level":"INFO","time":"2021-12-19T17:09:21.169+0800","caller":"logger/logger.go:81","msg":"/api/v1/community","status":200,"method":"GET","path":"/api/v1/community","query":"","ip":"::1","user-agent":"PostmanRuntime/7.28.4","errors":"","cost":0.003255875}
{"level":"INFO","time":"2021-12-19T17:11:02.122+0800","caller":"logger/logger.go:81","msg":"/api/v1/community/1","status":200,"method":"GET","path":"/api/v1/community/1","query":"","ip":"::1","user-agent":"PostmanRuntime/7.28.4","errors":"","cost":0.003627083}
{"level":"INFO","time":"2021-12-20T08:55:43.630+0800","caller":"logger/logger.go:81","msg":"/api/v1/community","status":200,"method":"GET","path":"/api/v1/community","query":"","ip":"::1","user-agent":"PostmanRuntime/7.28.4","errors":"","cost":0.025000375}
{"level":"INFO","time":"2021-12-20T22:08:30.350+0800","caller":"logger/logger.go:81","msg":"/api/v1/post","status":200,"method":"POST","path":"/api/v1/post","query":"","ip":"::1","user-agent":"PostmanRuntime/7.28.4","errors":"","cost":0.00391275}
{"level":"INFO","time":"2021-12-20T22:10:00.561+0800","caller":"logger/logger.go:81","msg":"/api/v1/post","status":200,"method":"POST","path":"/api/v1/post","query":"","ip":"::1","user-agent":"PostmanRuntime/7.28.4","errors":"","cost":0.000774833}
{"level":"ERROR","time":"2021-12-20T22:10:39.710+0800","caller":"controllers/post.go:24","msg":"c.Get('CtxUserIDKey') failed","error":"获取用户ID失败"}
{"level":"INFO","time":"2021-12-20T22:10:39.726+0800","caller":"logger/logger.go:81","msg":"/api/v1/post","status":200,"method":"POST","path":"/api/v1/post","query":"","ip":"::1","user-agent":"PostmanRuntime/7.28.4","errors":"","cost":0.016521666}
{"level":"INFO","time":"2021-12-20T22:11:20.357+0800","caller":"logger/logger.go:81","msg":"/api/v1/login","status":200,"method":"POST","path":"/api/v1/login","query":"","ip":"::1","user-agent":"PostmanRuntime/7.28.4","errors":"","cost":0.01065975}
{"level":"ERROR","time":"2021-12-20T22:11:40.120+0800","caller":"controllers/post.go:24","msg":"c.Get('CtxUserIDKey') failed","error":"获取用户ID失败"}
{"level":"INFO","time":"2021-12-20T22:11:40.120+0800","caller":"logger/logger.go:81","msg":"/api/v1/post","status":200,"method":"POST","path":"/api/v1/post","query":"","ip":"::1","user-agent":"PostmanRuntime/7.28.4","errors":"","cost":0.000327375}
{"level":"INFO","time":"2021-12-20T22:12:52.709+0800","caller":"logger/logger.go:81","msg":"/api/v1/post","status":200,"method":"POST","path":"/api/v1/post","query":"","ip":"::1","user-agent":"PostmanRuntime/7.28.4","errors":"","cost":0.016791333}
{"level":"INFO","time":"2021-12-20T22:33:01.592+0800","caller":"logger/logger.go:81","msg":"/api/v1/post/5650451819139072","status":200,"method":"GET","path":"/api/v1/post/5650451819139072","query":"","ip":"::1","user-agent":"PostmanRuntime/7.28.4","errors":"","cost":0.001363959}
{"level":"INFO","time":"2021-12-20T22:33:08.958+0800","caller":"logger/logger.go:81","msg":"/api/v1/post/5650451819139072","status":200,"method":"GET","path":"/api/v1/post/5650451819139072","query":"","ip":"::1","user-agent":"PostmanRuntime/7.28.4","errors":"","cost":0.015505833}
{"level":"INFO","time":"2021-12-23T21:36:39.257+0800","caller":"logger/logger.go:81","msg":"/api/v1/post/5650451819139072","status":200,"method":"GET","path":"/api/v1/post/5650451819139072","query":"","ip":"::1","user-agent":"PostmanRuntime/7.28.4","errors":"","cost":0.033156291}
{"level":"INFO","time":"2021-12-23T21:37:07.963+0800","caller":"logger/logger.go:81","msg":"/api/v1/post/5650451819139072","status":200,"method":"GET","path":"/api/v1/post/5650451819139072","query":"","ip":"::1","user-agent":"PostmanRuntime/7.28.4","errors":"","cost":0.022636667}
{"level":"INFO","time":"2021-12-23T21:39:00.915+0800","caller":"logger/logger.go:81","msg":"/api/v1/post/5650451819139072","status":200,"method":"GET","path":"/api/v1/post/5650451819139072","query":"","ip":"::1","user-agent":"PostmanRuntime/7.28.4","errors":"","cost":0.02118525}
{"level":"INFO","time":"2021-12-23T22:07:56.131+0800","caller":"logger/logger.go:81","msg":"/api/v1/post","status":200,"method":"GET","path":"/api/v1/post","query":"","ip":"::1","user-agent":"PostmanRuntime/7.28.4","errors":"","cost":0.000952125}
{"level":"INFO","time":"2021-12-23T22:08:13.436+0800","caller":"logger/logger.go:81","msg":"/api/v1/post","status":200,"method":"GET","path":"/api/v1/post","query":"","ip":"::1","user-agent":"PostmanRuntime/7.28.4","errors":"","cost":0.023724291}
{"level":"INFO","time":"2021-12-23T22:09:12.623+0800","caller":"logger/logger.go:81","msg":"/api/v1/post","status":200,"method":"POST","path":"/api/v1/post","query":"","ip":"::1","user-agent":"PostmanRuntime/7.28.4","errors":"","cost":0.019163167}
{"level":"INFO","time":"2021-12-23T22:09:19.516+0800","caller":"logger/logger.go:81","msg":"/api/v1/post","status":200,"method":"GET","path":"/api/v1/post","query":"","ip":"::1","user-agent":"PostmanRuntime/7.28.4","errors":"","cost":0.0172735}
{"level":"INFO","time":"2021-12-23T22:11:40.558+0800","caller":"logger/logger.go:81","msg":"/api/v1/posts","status":200,"method":"GET","path":"/api/v1/posts","query":"","ip":"::1","user-agent":"PostmanRuntime/7.28.4","errors":"","cost":0.033904458}
{"level":"INFO","time":"2021-12-23T22:23:54.028+0800","caller":"logger/logger.go:81","msg":"/api/v1/posts","status":200,"method":"GET","path":"/api/v1/posts","query":"","ip":"::1","user-agent":"PostmanRuntime/7.28.4","errors":"","cost":0.037004916}
{"level":"INFO","time":"2021-12-23T22:24:08.295+0800","caller":"logger/logger.go:81","msg":"/api/v1/posts","status":200,"method":"GET","path":"/api/v1/posts","query":"page_size=1","ip":"::1","user-agent":"PostmanRuntime/7.28.4","errors":"","cost":0.014273792}
{"level":"INFO","time":"2021-12-23T22:24:16.506+0800","caller":"logger/logger.go:81","msg":"/api/v1/posts","status":200,"method":"GET","path":"/api/v1/posts","query":"page_size=2","ip":"::1","user-agent":"PostmanRuntime/7.28.4","errors":"","cost":0.016225333}
{"level":"INFO","time":"2021-12-23T22:24:22.677+0800","caller":"logger/logger.go:81","msg":"/api/v1/posts","status":200,"method":"GET","path":"/api/v1/posts","query":"page_size=3","ip":"::1","user-agent":"PostmanRuntime/7.28.4","errors":"","cost":0.019884875}
{"level":"INFO","time":"2021-12-24T22:49:02.865+0800","caller":"logger/logger.go:81","msg":"/api/v1/login","status":200,"method":"POST","path":"/api/v1/login","query":"","ip":"::1","user-agent":"PostmanRuntime/7.28.4","errors":"","cost":0.018769917}
{"level":"ERROR","time":"2021-12-24T22:49:42.411+0800","caller":"controllers/user.go:79","msg":"logic.Login failed,","error":"用户名或密码错误"}
{"level":"INFO","time":"2021-12-24T22:49:42.412+0800","caller":"logger/logger.go:81","msg":"/api/v1/login","status":200,"method":"POST","path":"/api/v1/login","query":"","ip":"::1","user-agent":"PostmanRuntime/7.28.4","errors":"","cost":0.005641917}
{"level":"INFO","time":"2021-12-24T22:49:47.755+0800","caller":"logger/logger.go:81","msg":"/api/v1/login","status":200,"method":"POST","path":"/api/v1/login","query":"","ip":"::1","user-agent":"PostmanRuntime/7.28.4","errors":"","cost":0.004538791}
{"level":"INFO","time":"2021-12-24T23:07:37.529+0800","caller":"logger/logger.go:81","msg":"/api/v1/login","status":200,"method":"POST","path":"/api/v1/login","query":"","ip":"::1","user-agent":"PostmanRuntime/7.28.4","errors":"","cost":0.016862416}
{"level":"INFO","time":"2021-12-25T08:32:21.573+0800","caller":"logger/logger.go:81","msg":"/api/v1/posts","status":200,"method":"GET","path":"/api/v1/posts","query":"page_size=1","ip":"::1","user-agent":"PostmanRuntime/7.28.4","errors":"","cost":0.029278125}
{"level":"INFO","time":"2021-12-25T08:33:03.030+0800","caller":"logger/logger.go:81","msg":"/api/v1/vote","status":200,"method":"POST","path":"/api/v1/vote","query":"","ip":"::1","user-agent":"PostmanRuntime/7.28.4","errors":"","cost":0.000574541}
{"level":"INFO","time":"2021-12-25T08:34:10.100+0800","caller":"logger/logger.go:81","msg":"/api/v1/vote","status":200,"method":"POST","path":"/api/v1/vote","query":"","ip":"::1","user-agent":"PostmanRuntime/7.28.4","errors":"","cost":0.005170542}
{"level":"INFO","time":"2021-12-25T08:35:28.668+0800","caller":"logger/logger.go:81","msg":"/api/v1/vote","status":200,"method":"POST","path":"/api/v1/vote","query":"","ip":"::1","user-agent":"PostmanRuntime/7.28.4","errors":"","cost":0.005838125}
{"level":"INFO","time":"2021-12-25T08:36:13.813+0800","caller":"logger/logger.go:81","msg":"/api/v1/vote","status":200,"method":"POST","path":"/api/v1/vote","query":"","ip":"::1","user-agent":"PostmanRuntime/7.28.4","errors":"","cost":0.003804791}
{"level":"INFO","time":"2021-12-25T08:38:41.686+0800","caller":"logger/logger.go:81","msg":"/api/v1/vote","status":200,"method":"POST","path":"/api/v1/vote","query":"","ip":"::1","user-agent":"PostmanRuntime/7.28.4","errors":"","cost":0.008574292}
